<?xml version="1.0" encoding="UTF-8" standalone="no"?>
<!DOCTYPE log SYSTEM "logger.dtd">
<log>
<record>
  <date>2018-06-25T16:04:52.673-0300</date>
  <logger>JESSE SOUZA CAVALCANTI NETO</logger>
  <level>FINE</level>
  <message>File 117110637-JESSE SOUZA CAVALCANTI NETO.zip was received. It was sent by JESSE SOUZA CAVALCANTI NETO from IP 192.168.1.4</message>
</record>
</log>
<?xml version="1.0" encoding="UTF-8" standalone="no"?>
<!DOCTYPE log SYSTEM "logger.dtd">
<log>
<record>
  <date>2018-06-25T18:08:03.452-0300</date>
  <logger>JESSE SOUZA CAVALCANTI NETO</logger>
  <level>FINE</level>
  <message>File 117110637-JESSE SOUZA CAVALCANTI NETO.zip was received. It was sent by JESSE SOUZA CAVALCANTI NETO from IP 192.168.1.4</message>
</record>
</log>
<?xml version="1.0" encoding="UTF-8" standalone="no"?>
<!DOCTYPE log SYSTEM "logger.dtd">
<log>
<record>
  <date>2018-06-27T17:24:11.656-0300</date>
  <logger>JESSE SOUZA CAVALCANTI NETO</logger>
  <level>FINE</level>
  <message>File 117110637-JESSE SOUZA CAVALCANTI NETO.zip was received. It was sent by JESSE SOUZA CAVALCANTI NETO from IP 192.168.1.4</message>
</record>
