<?xml version="1.0" encoding="UTF-8" standalone="no"?>
<!DOCTYPE log SYSTEM "logger.dtd">
<log>
<record>
  <date>2018-05-24T20:00:02.857-0300</date>
  <logger>JESSE SOUZA CAVALCANTI NETO</logger>
  <level>FINE</level>
  <message>File 117110637-JESSE SOUZA CAVALCANTI NETO.zip was received. It was sent by JESSE SOUZA CAVALCANTI NETO from IP 192.168.1.3</message>
</record>
</log>
<?xml version="1.0" encoding="UTF-8" standalone="no"?>
<!DOCTYPE log SYSTEM "logger.dtd">
<log>
<record>
  <date>2018-05-24T23:16:02.917-0300</date>
  <logger>JESSE SOUZA CAVALCANTI NETO</logger>
  <level>FINE</level>
  <message>File 117110637-JESSE SOUZA CAVALCANTI NETO.zip was received. It was sent by JESSE SOUZA CAVALCANTI NETO from IP 192.168.1.3</message>
</record>
</log>
<?xml version="1.0" encoding="UTF-8" standalone="no"?>
<!DOCTYPE log SYSTEM "logger.dtd">
<log>
<record>
  <date>2018-05-25T10:56:22.056-0300</date>
  <logger>JESSE SOUZA CAVALCANTI NETO</logger>
  <level>FINE</level>
  <message>File 117110637-JESSE SOUZA CAVALCANTI NETO.zip was received. It was sent by JESSE SOUZA CAVALCANTI NETO from IP 192.168.1.3</message>
</record>
</log>
<?xml version="1.0" encoding="UTF-8" standalone="no"?>
<!DOCTYPE log SYSTEM "logger.dtd">
<log>
<record>
  <date>2018-05-25T11:37:59.070-0300</date>
  <logger>JESSE SOUZA CAVALCANTI NETO</logger>
  <level>FINE</level>
  <message>File 117110637-JESSE SOUZA CAVALCANTI NETO.zip was received. It was sent by JESSE SOUZA CAVALCANTI NETO from IP 192.168.1.3</message>
</record>
</log>
<?xml version="1.0" encoding="UTF-8" standalone="no"?>
<!DOCTYPE log SYSTEM "logger.dtd">
<log>
<record>
  <date>2018-05-25T11:53:29.968-0300</date>
  <logger>JESSE SOUZA CAVALCANTI NETO</logger>
  <level>FINE</level>
  <message>File 117110637-JESSE SOUZA CAVALCANTI NETO.zip was received. It was sent by JESSE SOUZA CAVALCANTI NETO from IP 192.168.1.3</message>
</record>
</log>
<?xml version="1.0" encoding="UTF-8" standalone="no"?>
<!DOCTYPE log SYSTEM "logger.dtd">
<log>
<record>
  <date>2018-05-25T12:02:44.010-0300</date>
  <logger>JESSE SOUZA CAVALCANTI NETO</logger>
  <level>FINE</level>
  <message>File 117110637-JESSE SOUZA CAVALCANTI NETO.zip was received. It was sent by JESSE SOUZA CAVALCANTI NETO from IP 192.168.1.3</message>
</record>
