<?xml version="1.0" encoding="UTF-8" standalone="no"?>
<!DOCTYPE log SYSTEM "logger.dtd">
<log>
<record>
  <date>2018-07-19T14:03:28.142-0300</date>
  <logger>JESSE SOUZA CAVALCANTI NETO</logger>
  <level>FINE</level>
  <message>File 117110637-JESSE SOUZA CAVALCANTI NETO.zip was received. It was sent by JESSE SOUZA CAVALCANTI NETO from IP 192.168.1.6</message>
</record>
</log>
<?xml version="1.0" encoding="UTF-8" standalone="no"?>
<!DOCTYPE log SYSTEM "logger.dtd">
<log>
<record>
  <date>2018-07-19T14:04:29.857-0300</date>
  <logger>JESSE SOUZA CAVALCANTI NETO</logger>
  <level>FINE</level>
  <message>File 117110637-JESSE SOUZA CAVALCANTI NETO.zip was received. It was sent by JESSE SOUZA CAVALCANTI NETO from IP 192.168.1.6</message>
</record>
</log>
<?xml version="1.0" encoding="UTF-8" standalone="no"?>
<!DOCTYPE log SYSTEM "logger.dtd">
<log>
<record>
  <date>2018-07-19T17:30:12.162-0300</date>
  <logger>JESSE SOUZA CAVALCANTI NETO</logger>
  <level>FINE</level>
  <message>File 117110637-JESSE SOUZA CAVALCANTI NETO.zip was received. It was sent by JESSE SOUZA CAVALCANTI NETO from IP 192.168.1.6</message>
</record>
</log>
<?xml version="1.0" encoding="UTF-8" standalone="no"?>
<!DOCTYPE log SYSTEM "logger.dtd">
<log>
<record>
  <date>2018-07-19T17:40:53.858-0300</date>
  <logger>JESSE SOUZA CAVALCANTI NETO</logger>
  <level>FINE</level>
  <message>File 117110637-JESSE SOUZA CAVALCANTI NETO.zip was received. It was sent by JESSE SOUZA CAVALCANTI NETO from IP 192.168.1.6</message>
</record>
</log>
<?xml version="1.0" encoding="UTF-8" standalone="no"?>
<!DOCTYPE log SYSTEM "logger.dtd">
<log>
<record>
  <date>2018-07-19T19:14:13.056-0300</date>
  <logger>JESSE SOUZA CAVALCANTI NETO</logger>
  <level>FINE</level>
  <message>File 117110637-JESSE SOUZA CAVALCANTI NETO.zip was received. It was sent by JESSE SOUZA CAVALCANTI NETO from IP 192.168.1.6</message>
</record>
