<?xml version="1.0" encoding="UTF-8" standalone="no"?>
<!DOCTYPE log SYSTEM "logger.dtd">
<log>
<record>
  <date>2018-07-09T16:04:16.245-0300</date>
  <logger>JESSE SOUZA CAVALCANTI NETO</logger>
  <level>FINE</level>
  <message>File 117110637-JESSE SOUZA CAVALCANTI NETO.zip was received. It was sent by JESSE SOUZA CAVALCANTI NETO from IP 192.168.1.4</message>
</record>
</log>
<?xml version="1.0" encoding="UTF-8" standalone="no"?>
<!DOCTYPE log SYSTEM "logger.dtd">
<log>
<record>
  <date>2018-07-09T20:19:47.153-0300</date>
  <logger>JESSE SOUZA CAVALCANTI NETO</logger>
  <level>FINE</level>
  <message>File 117110637-JESSE SOUZA CAVALCANTI NETO.zip was received. It was sent by JESSE SOUZA CAVALCANTI NETO from IP 192.168.1.4</message>
</record>
</log>
<?xml version="1.0" encoding="UTF-8" standalone="no"?>
<!DOCTYPE log SYSTEM "logger.dtd">
<log>
<record>
  <date>2018-07-09T20:31:27.212-0300</date>
  <logger>JESSE SOUZA CAVALCANTI NETO</logger>
  <level>FINE</level>
  <message>File 117110637-JESSE SOUZA CAVALCANTI NETO.zip was received. It was sent by JESSE SOUZA CAVALCANTI NETO from IP 192.168.1.4</message>
</record>
</log>
<?xml version="1.0" encoding="UTF-8" standalone="no"?>
<!DOCTYPE log SYSTEM "logger.dtd">
<log>
<record>
  <date>2018-07-10T14:07:26.159-0300</date>
  <logger>JESSE SOUZA CAVALCANTI NETO</logger>
  <level>FINE</level>
  <message>File 117110637-JESSE SOUZA CAVALCANTI NETO.zip was received. It was sent by JESSE SOUZA CAVALCANTI NETO from IP 192.168.1.4</message>
</record>
</log>
<?xml version="1.0" encoding="UTF-8" standalone="no"?>
<!DOCTYPE log SYSTEM "logger.dtd">
<log>
<record>
  <date>2018-07-10T15:17:00.065-0300</date>
  <logger>JESSE SOUZA CAVALCANTI NETO</logger>
  <level>FINE</level>
  <message>File 117110637-JESSE SOUZA CAVALCANTI NETO.zip was received. It was sent by JESSE SOUZA CAVALCANTI NETO from IP 192.168.1.4</message>
</record>
</log>
<?xml version="1.0" encoding="UTF-8" standalone="no"?>
<!DOCTYPE log SYSTEM "logger.dtd">
<log>
<record>
  <date>2018-07-10T18:18:33.297-0300</date>
  <logger>JESSE SOUZA CAVALCANTI NETO</logger>
  <level>FINE</level>
  <message>File 117110637-JESSE SOUZA CAVALCANTI NETO.zip was received. It was sent by JESSE SOUZA CAVALCANTI NETO from IP 192.168.1.4</message>
</record>
</log>
<?xml version="1.0" encoding="UTF-8" standalone="no"?>
<!DOCTYPE log SYSTEM "logger.dtd">
<log>
<record>
  <date>2018-07-10T18:30:34.541-0300</date>
  <logger>JESSE SOUZA CAVALCANTI NETO</logger>
  <level>FINE</level>
  <message>File 117110637-JESSE SOUZA CAVALCANTI NETO.zip was received. It was sent by JESSE SOUZA CAVALCANTI NETO from IP 192.168.1.4</message>
</record>
