<?xml version="1.0" encoding="UTF-8" standalone="no"?>
<!DOCTYPE log SYSTEM "logger.dtd">
<log>
<record>
  <date>2018-07-12T14:04:04.129-0300</date>
  <logger>JESSE SOUZA CAVALCANTI NETO</logger>
  <level>FINE</level>
  <message>File 117110637-JESSE SOUZA CAVALCANTI NETO.zip was received. It was sent by JESSE SOUZA CAVALCANTI NETO from IP 192.168.1.4</message>
</record>
</log>
<?xml version="1.0" encoding="UTF-8" standalone="no"?>
<!DOCTYPE log SYSTEM "logger.dtd">
<log>
<record>
  <date>2018-07-12T22:54:43.583-0300</date>
  <logger>JESSE SOUZA CAVALCANTI NETO</logger>
  <level>FINE</level>
  <message>File 117110637-JESSE SOUZA CAVALCANTI NETO.zip was received. It was sent by JESSE SOUZA CAVALCANTI NETO from IP 192.168.1.4</message>
</record>
</log>
<?xml version="1.0" encoding="UTF-8" standalone="no"?>
<!DOCTYPE log SYSTEM "logger.dtd">
<log>
<record>
  <date>2018-07-12T23:16:05.461-0300</date>
  <logger>JESSE SOUZA CAVALCANTI NETO</logger>
  <level>FINE</level>
  <message>File 117110637-JESSE SOUZA CAVALCANTI NETO.zip was received. It was sent by JESSE SOUZA CAVALCANTI NETO from IP 192.168.1.4</message>
</record>
